Performing C++ SOURCE FILE Test CMAKE_HAVE_LIBC_PTHREAD failed with the following output:
Change Dir: /home/qiang/software/MSF_SLAM/cmake-build-release/CMakeFiles/CMakeTmp

Run Build Command(s):/usr/bin/make cmTC_9eee9/fast && /usr/bin/make  -f CMakeFiles/cmTC_9eee9.dir/build.make CMakeFiles/cmTC_9eee9.dir/build
make[1]: Entering directory '/home/qiang/software/MSF_SLAM/cmake-build-release/CMakeFiles/CMakeTmp'
Building CXX object CMakeFiles/cmTC_9eee9.dir/src.cxx.o
/usr/bin/c++    -DCMAKE_HAVE_LIBC_PTHREAD   -std=c++14 -o CMakeFiles/cmTC_9eee9.dir/src.cxx.o -c /home/qiang/software/MSF_SLAM/cmake-build-release/CMakeFiles/CMakeTmp/src.cxx
Linking CXX executable cmTC_9eee9
/home/qiang/software/clion-2020.3.4/bin/cmake/linux/bin/cmake -E cmake_link_script CMakeFiles/cmTC_9eee9.dir/link.txt --verbose=1
/usr/bin/c++   -DCMAKE_HAVE_LIBC_PTHREAD    CMakeFiles/cmTC_9eee9.dir/src.cxx.o  -o cmTC_9eee9 
/usr/bin/ld: CMakeFiles/cmTC_9eee9.dir/src.cxx.o: in function `main':
src.cxx:(.text+0x46): undefined reference to `pthread_create'
/usr/bin/ld: src.cxx:(.text+0x52): undefined reference to `pthread_detach'
/usr/bin/ld: src.cxx:(.text+0x5e): undefined reference to `pthread_cancel'
/usr/bin/ld: src.cxx:(.text+0x6f): undefined reference to `pthread_join'
collect2: error: ld returned 1 exit status
make[1]: *** [CMakeFiles/cmTC_9eee9.dir/build.make:107: cmTC_9eee9] Error 1
make[1]: Leaving directory '/home/qiang/software/MSF_SLAM/cmake-build-release/CMakeFiles/CMakeTmp'
make: *** [Makefile:141: cmTC_9eee9/fast] Error 2


Source file was:
#include <pthread.h>

void* test_func(void* data)
{
  return data;
}

int main(void)
{
  pthread_t thread;
  pthread_create(&thread, NULL, test_func, NULL);
  pthread_detach(thread);
  pthread_cancel(thread);
  pthread_join(thread, NULL);
  pthread_atfork(NULL, NULL, NULL);
  pthread_exit(NULL);

  return 0;
}

Determining if the function pthread_create exists in the pthreads failed with the following output:
Change Dir: /home/qiang/software/MSF_SLAM/cmake-build-release/CMakeFiles/CMakeTmp

Run Build Command(s):/usr/bin/make cmTC_11f82/fast && /usr/bin/make  -f CMakeFiles/cmTC_11f82.dir/build.make CMakeFiles/cmTC_11f82.dir/build
make[1]: Entering directory '/home/qiang/software/MSF_SLAM/cmake-build-release/CMakeFiles/CMakeTmp'
Building CXX object CMakeFiles/cmTC_11f82.dir/CheckFunctionExists.cxx.o
/usr/bin/c++    -DCHECK_FUNCTION_EXISTS=pthread_create   -std=c++14 -o CMakeFiles/cmTC_11f82.dir/CheckFunctionExists.cxx.o -c /home/qiang/software/MSF_SLAM/cmake-build-release/CMakeFiles/CheckLibraryExists/CheckFunctionExists.cxx
Linking CXX executable cmTC_11f82
/home/qiang/software/clion-2020.3.4/bin/cmake/linux/bin/cmake -E cmake_link_script CMakeFiles/cmTC_11f82.dir/link.txt --verbose=1
/usr/bin/c++   -DCHECK_FUNCTION_EXISTS=pthread_create    CMakeFiles/cmTC_11f82.dir/CheckFunctionExists.cxx.o  -o cmTC_11f82  -lpthreads 
/usr/bin/ld: cannot find -lpthreads
collect2: error: ld returned 1 exit status
make[1]: *** [CMakeFiles/cmTC_11f82.dir/build.make:107: cmTC_11f82] Error 1
make[1]: Leaving directory '/home/qiang/software/MSF_SLAM/cmake-build-release/CMakeFiles/CMakeTmp'
make: *** [Makefile:141: cmTC_11f82/fast] Error 2



